# JRE version: Java(TM) SE Runtime Environment (15.0.1+9) (build 15.0.1+9-18)
# Java VM: Java HotSpot(TM) 64-Bit Server VM (15.0.1+9-18, mixed mode, sharing, tiered, compressed oops, g1 gc, bsd-amd64)
GC Precious Log:
 CPUs: 8 total, 8 available
 Memory: 32768M
 Large Page Support: Disabled
 NUMA Support: Disabled
 Compressed Oops: Enabled (Zero based)
 Heap Region Size: 4M
 Heap Min Capacity: 8M
 Heap Initial Capacity: 512M
 Heap Max Capacity: 8G
 Pre-touch: Disabled
 Parallel Workers: 8
 Concurrent Workers: 2
 Concurrent Refinement Workers: 8
 Periodic GC: Disabled
Heap:
 garbage-first heap   total 847872K, used 332628K [0x0000000600000000, 0x0000000800000000)
  region size 4096K, 30 young (122880K), 5 survivors (20480K)
 Metaspace       used 30857K, capacity 31361K, committed 31744K, reserved 1077248K
  class space    used 4301K, capacity 4508K, committed 4608K, reserved 1048576K
GC Heap History (20 events):
Event: 16,430 GC heap before
{Heap before GC invocations=12 (full 0):
 garbage-first heap   total 638976K, used 341195K [0x0000000600000000, 0x0000000800000000)
  region size 4096K, 15 young (61440K), 2 survivors (8192K)
 Metaspace       used 26056K, capacity 26448K, committed 26880K, reserved 1073152K
  class space    used 3550K, capacity 3707K, committed 3840K, reserved 1048576K
}
Event: 16,436 GC heap after
{Heap after GC invocations=13 (full 0):
 garbage-first heap   total 638976K, used 250585K [0x0000000600000000, 0x0000000800000000)
  region size 4096K, 3 young (12288K), 3 survivors (12288K)
 Metaspace       used 26056K, capacity 26448K, committed 26880K, reserved 1073152K
  class space    used 3550K, capacity 3707K, committed 3840K, reserved 1048576K
}
Event: 16,726 GC heap before
{Heap before GC invocations=14 (full 0):
 garbage-first heap   total 638976K, used 320217K [0x0000000600000000, 0x0000000800000000)
  region size 4096K, 4 young (16384K), 3 survivors (12288K)
 Metaspace       used 26057K, capacity 26448K, committed 26880K, reserved 1073152K
  class space    used 3550K, capacity 3707K, committed 3840K, reserved 1048576K
}
Event: 16,733 GC heap after
{Heap after GC invocations=15 (full 0):
 garbage-first heap   total 638976K, used 283205K [0x0000000600000000, 0x0000000800000000)
  region size 4096K, 3 young (12288K), 3 survivors (12288K)
 Metaspace       used 26057K, capacity 26448K, committed 26880K, reserved 1073152K
  class space    used 3550K, capacity 3707K, committed 3840K, reserved 1048576K
}
Event: 16,821 GC heap before
{Heap before GC invocations=16 (full 0):
 garbage-first heap   total 712704K, used 418373K [0x0000000600000000, 0x0000000800000000)
  region size 4096K, 4 young (16384K), 3 survivors (12288K)
 Metaspace       used 26057K, capacity 26448K, committed 26880K, reserved 1073152K
  class space    used 3550K, capacity 3707K, committed 3840K, reserved 1048576K
}
Event: 16,829 GC heap after
{Heap after GC invocations=17 (full 0):
 garbage-first heap   total 712704K, used 348926K [0x0000000600000000, 0x0000000800000000)
  region size 4096K, 3 young (12288K), 3 survivors (12288K)
 Metaspace       used 26057K, capacity 26448K, committed 26880K, reserved 1073152K
  class space    used 3550K, capacity 3707K, committed 3840K, reserved 1048576K
}
Event: 17,152 GC heap before
{Heap before GC invocations=18 (full 0):
 garbage-first heap   total 724992K, used 426750K [0x0000000600000000, 0x0000000800000000)
  region size 4096K, 4 young (16384K), 3 survivors (12288K)
 Metaspace       used 26060K, capacity 26448K, committed 26880K, reserved 1073152K
  class space    used 3550K, capacity 3707K, committed 3840K, reserved 1048576K
}
Event: 17,159 GC heap after
{Heap after GC invocations=19 (full 0):
 garbage-first heap   total 724992K, used 292732K [0x0000000600000000, 0x0000000800000000)
  region size 4096K, 3 young (12288K), 3 survivors (12288K)
 Metaspace       used 26060K, capacity 26448K, committed 26880K, reserved 1073152K
  class space    used 3550K, capacity 3707K, committed 3840K, reserved 1048576K
}
Event: 17,221 GC heap before
{Heap before GC invocations=20 (full 0):
 garbage-first heap   total 724992K, used 317308K [0x0000000600000000, 0x0000000800000000)
  region size 4096K, 4 young (16384K), 3 survivors (12288K)
 Metaspace       used 26061K, capacity 26448K, committed 26880K, reserved 1073152K
  class space    used 3550K, capacity 3707K, committed 3840K, reserved 1048576K
}
Event: 17,226 GC heap after
{Heap after GC invocations=21 (full 0):
 garbage-first heap   total 724992K, used 303853K [0x0000000600000000, 0x0000000800000000)
  region size 4096K, 3 young (12288K), 3 survivors (12288K)
 Metaspace       used 26061K, capacity 26448K, committed 26880K, reserved 1073152K
  class space    used 3550K, capacity 3707K, committed 3840K, reserved 1048576K
}
Event: 17,291 GC heap before
{Heap before GC invocations=22 (full 0):
 garbage-first heap   total 724992K, used 324333K [0x0000000600000000, 0x0000000800000000)
  region size 4096K, 3 young (12288K), 3 survivors (12288K)
 Metaspace       used 26061K, capacity 26448K, committed 26880K, reserved 1073152K
  class space    used 3550K, capacity 3707K, committed 3840K, reserved 1048576K
}
Event: 17,297 GC heap after
{Heap after GC invocations=23 (full 0):
 garbage-first heap   total 724992K, used 311810K [0x0000000600000000, 0x0000000800000000)
  region size 4096K, 3 young (12288K), 3 survivors (12288K)
 Metaspace       used 26061K, capacity 26448K, committed 26880K, reserved 1073152K
  class space    used 3550K, capacity 3707K, committed 3840K, reserved 1048576K
}
Event: 17,465 GC heap before
{Heap before GC invocations=24 (full 0):
 garbage-first heap   total 724992K, used 348674K [0x0000000600000000, 0x0000000800000000)
  region size 4096K, 4 young (16384K), 3 survivors (12288K)
 Metaspace       used 26061K, capacity 26448K, committed 26880K, reserved 1073152K
  class space    used 3550K, capacity 3707K, committed 3840K, reserved 1048576K
}
Event: 17,471 GC heap after
{Heap after GC invocations=25 (full 0):
 garbage-first heap   total 724992K, used 328206K [0x0000000600000000, 0x0000000800000000)
  region size 4096K, 3 young (12288K), 3 survivors (12288K)
 Metaspace       used 26061K, capacity 26448K, committed 26880K, reserved 1073152K
  class space    used 3550K, capacity 3707K, committed 3840K, reserved 1048576K
}
Event: 17,761 GC heap before
{Heap before GC invocations=26 (full 0):
 garbage-first heap   total 724992K, used 397838K [0x0000000600000000, 0x0000000800000000)
  region size 4096K, 4 young (16384K), 3 survivors (12288K)
 Metaspace       used 26061K, capacity 26448K, committed 26880K, reserved 1073152K
  class space    used 3550K, capacity 3707K, committed 3840K, reserved 1048576K
}
Event: 17,766 GC heap after
{Heap after GC invocations=27 (full 0):
 garbage-first heap   total 724992K, used 361396K [0x0000000600000000, 0x0000000800000000)
  region size 4096K, 3 young (12288K), 3 survivors (12288K)
 Metaspace       used 26061K, capacity 26448K, committed 26880K, reserved 1073152K
  class space    used 3550K, capacity 3707K, committed 3840K, reserved 1048576K
}
Event: 17,850 GC heap before
{Heap before GC invocations=28 (full 0):
 garbage-first heap   total 839680K, used 496564K [0x0000000600000000, 0x0000000800000000)
  region size 4096K, 4 young (16384K), 3 survivors (12288K)
 Metaspace       used 26061K, capacity 26448K, committed 26880K, reserved 1073152K
  class space    used 3550K, capacity 3707K, committed 3840K, reserved 1048576K
}
Event: 17,857 GC heap after
{Heap after GC invocations=29 (full 0):
 garbage-first heap   total 839680K, used 426881K [0x0000000600000000, 0x0000000800000000)
  region size 4096K, 3 young (12288K), 3 survivors (12288K)
 Metaspace       used 26061K, capacity 26448K, committed 26880K, reserved 1073152K
  class space    used 3550K, capacity 3707K, committed 3840K, reserved 1048576K
}
Event: 25,756 GC heap before
{Heap before GC invocations=30 (full 0):
 garbage-first heap   total 856064K, used 639873K [0x0000000600000000, 0x0000000800000000)
  region size 4096K, 38 young (155648K), 3 survivors (12288K)
 Metaspace       used 30803K, capacity 31297K, committed 31488K, reserved 1077248K
  class space    used 4296K, capacity 4508K, committed 4608K, reserved 1048576K
}
Event: 25,769 GC heap after
{Heap after GC invocations=31 (full 0):
 garbage-first heap   total 856064K, used 222036K [0x0000000600000000, 0x0000000800000000)
  region size 4096K, 5 young (20480K), 5 survivors (20480K)
 Metaspace       used 30803K, capacity 31297K, committed 31488K, reserved 1077248K
  class space    used 4296K, capacity 4508K, committed 4608K, reserved 1048576K
}

